build/app/intermediates/manifest_merge_blame_file/release/manifest-merger-blame-release-report.txt
1<?xml version="1.0" encoding="utf-8"?>
2<manifest xmlns:android="http://schemas.android.com/apk/res/android"
3    package="com.example.flutter_app_finaltest"
4    android:versionCode="1"
5    android:versionName="1.0.0" >
6
7    <uses-sdk
8        android:minSdkVersion="21"
8-->src/main/AndroidManifest.xml
9        android:targetSdkVersion="28" />
9-->src/main/AndroidManifest.xml
10
11    <uses-permission android:name="android.permission.INTERNET" />
11-->[:admob_flutter] AndroidManifest.xml:7:5-67
11-->[:admob_flutter] AndroidManifest.xml:7:22-64
12    <uses-permission android:name="android.permission.ACCESS_NETWORK_STATE" />
12-->[com.google.android.exoplayer:exoplayer-core:2.12.1] AndroidManifest.xml:24:5-79
12-->[com.google.android.exoplayer:exoplayer-core:2.12.1] AndroidManifest.xml:24:22-76
13    <uses-permission android:name="android.permission.WAKE_LOCK" />
13-->[com.google.android.gms:play-services-measurement:17.0.0] AndroidManifest.xml:25:5-68
13-->[com.google.android.gms:play-services-measurement:17.0.0] AndroidManifest.xml:25:22-65
14    <uses-permission android:name="com.google.android.finsky.permission.BIND_GET_INSTALL_REFERRER_SERVICE" /> <!-- Required by older versions of Google Play services to create IID tokens -->
14-->[com.google.android.gms:play-services-measurement:17.0.0] AndroidManifest.xml:26:5-110
14-->[com.google.android.gms:play-services-measurement:17.0.0] AndroidManifest.xml:26:22-107
15    <uses-permission android:name="com.google.android.c2dm.permission.RECEIVE" />
15-->[com.google.firebase:firebase-iid:19.0.0] AndroidManifest.xml:26:5-82
15-->[com.google.firebase:firebase-iid:19.0.0] AndroidManifest.xml:26:22-79
16    <!--
17 io.flutter.app.FlutterApplication is an android.app.Application that
18         calls FlutterMain.startInitialization(this); in its onCreate method.
19         In most cases you can leave this as-is, but you if you want to provide
20         additional functionality it is fine to subclass or reimplement
21         FlutterApplication and put your custom class here.
22    -->
23    <application
23-->src/main/AndroidManifest.xml:8:5-55:19
24        android:name="io.flutter.app.FlutterApplication"
24-->src/main/AndroidManifest.xml:9:9-57
25        android:appComponentFactory="androidx.core.app.CoreComponentFactory"
25-->[androidx.core:core:1.1.0] AndroidManifest.xml:24:18-86
26        android:icon="@mipmap/ic_launcher"
26-->src/main/AndroidManifest.xml:11:9-43
27        android:label="World Athlete Time" >
27-->src/main/AndroidManifest.xml:10:9-43
28
29        <!-- <meta-data -->
30        <!-- android:name="com.google.android.gms.ads.APPLICATION_ID" -->
31        <!-- android:value="ca-app-pub-3940256099942544~3347511713"/> -->
32
33        <activity
33-->src/main/AndroidManifest.xml:17:9-45:20
34            android:name="com.example.flutter_app_finaltest.MainActivity"
34-->src/main/AndroidManifest.xml:18:13-41
35            android:configChanges="orientation|keyboardHidden|keyboard|screenSize|smallestScreenSize|locale|layoutDirection|fontScale|screenLayout|density|uiMode"
35-->src/main/AndroidManifest.xml:21:13-163
36            android:hardwareAccelerated="true"
36-->src/main/AndroidManifest.xml:22:13-47
37            android:launchMode="singleTop"
37-->src/main/AndroidManifest.xml:19:13-43
38            android:theme="@style/LaunchTheme"
38-->src/main/AndroidManifest.xml:20:13-47
39            android:windowSoftInputMode="adjustResize" >
39-->src/main/AndroidManifest.xml:23:13-55
40
41            <!--
42                 Specifies an Android theme to apply to this Activity as soon as
43                 the Android process has started. This theme is visible to the user
44                 while the Flutter UI initializes. After that, this theme continues
45                 to determine the Window background behind the Flutter UI.
46            -->
47            <meta-data
47-->src/main/AndroidManifest.xml:28:13-31:17
48                android:name="io.flutter.embedding.android.NormalTheme"
48-->src/main/AndroidManifest.xml:29:15-70
49                android:resource="@style/NormalTheme" />
49-->src/main/AndroidManifest.xml:30:15-52
50            <!--
51                 Displays an Android View that continues showing the launch screen
52                 Drawable until Flutter paints its first frame, then this splash
53                 screen fades out. A splash screen is useful to avoid any visual
54                 gap between the end of Android's launch screen and the painting of
55                 Flutter's first frame.
56            -->
57            <meta-data
57-->src/main/AndroidManifest.xml:37:13-40:17
58                android:name="io.flutter.embedding.android.SplashScreenDrawable"
58-->src/main/AndroidManifest.xml:38:15-79
59                android:resource="@drawable/launch_background" />
59-->src/main/AndroidManifest.xml:39:15-61
60
61            <intent-filter>
61-->src/main/AndroidManifest.xml:41:13-44:29
62                <action android:name="android.intent.action.MAIN" />
62-->src/main/AndroidManifest.xml:42:17-68
62-->src/main/AndroidManifest.xml:42:25-66
63
64                <category android:name="android.intent.category.LAUNCHER" />
64-->src/main/AndroidManifest.xml:43:17-76
64-->src/main/AndroidManifest.xml:43:27-74
65            </intent-filter>
66        </activity>
67
68        <meta-data
68-->src/main/AndroidManifest.xml:47:9-49:65
69            android:name="com.google.android.gms.ads.APPLICATION_ID"
69-->src/main/AndroidManifest.xml:48:9-65
70            android:value="ca-app-pub-9986917544090483~5299508734" />
70-->src/main/AndroidManifest.xml:49:9-63
71        <!--
72             Don't delete the meta-data below.
73             This is used by the Flutter tool to generate GeneratedPluginRegistrant.java
74        -->
75        <meta-data
75-->src/main/AndroidManifest.xml:52:9-54:33
76            android:name="flutterEmbedding"
76-->src/main/AndroidManifest.xml:53:13-44
77            android:value="2" />
77-->src/main/AndroidManifest.xml:54:13-30
78
79        <service
79-->[:firebase_core] AndroidManifest.xml:8:9-12:19
80            android:name="com.google.firebase.components.ComponentDiscoveryService"
80-->[:firebase_core] AndroidManifest.xml:8:18-89
81            android:exported="false" >
81-->[com.google.android.gms:play-services-measurement-api:17.0.0] AndroidManifest.xml:29:13-37
82            <meta-data
82-->[:firebase_core] AndroidManifest.xml:9:13-11:85
83                android:name="com.google.firebase.components:io.flutter.plugins.firebase.core.FlutterFirebaseAppRegistrar"
83-->[:firebase_core] AndroidManifest.xml:10:17-123
84                android:value="com.google.firebase.components.ComponentRegistrar" />
84-->[:firebase_core] AndroidManifest.xml:11:17-82
85            <meta-data
85-->[com.google.android.gms:play-services-measurement-api:17.0.0] AndroidManifest.xml:30:13-32:85
86                android:name="com.google.firebase.components:com.google.firebase.analytics.connector.internal.AnalyticsConnectorRegistrar"
86-->[com.google.android.gms:play-services-measurement-api:17.0.0] AndroidManifest.xml:31:17-139
87                android:value="com.google.firebase.components.ComponentRegistrar" />
87-->[com.google.android.gms:play-services-measurement-api:17.0.0] AndroidManifest.xml:32:17-82
88            <meta-data
88-->[com.google.firebase:firebase-iid:19.0.0] AndroidManifest.xml:32:13-34:85
89                android:name="com.google.firebase.components:com.google.firebase.iid.Registrar"
89-->[com.google.firebase:firebase-iid:19.0.0] AndroidManifest.xml:33:17-96
90                android:value="com.google.firebase.components.ComponentRegistrar" />
90-->[com.google.firebase:firebase-iid:19.0.0] AndroidManifest.xml:34:17-82
91        </service> <!-- Include the AdActivity and InAppPurchaseActivity configChanges and themes. -->
92        <activity
92-->[com.google.android.gms:play-services-ads-lite:18.1.1] AndroidManifest.xml:29:9-33:64
93            android:name="com.google.android.gms.ads.AdActivity"
93-->[com.google.android.gms:play-services-ads-lite:18.1.1] AndroidManifest.xml:30:13-65
94            android:configChanges="keyboard|keyboardHidden|orientation|screenLayout|uiMode|screenSize|smallestScreenSize"
94-->[com.google.android.gms:play-services-ads-lite:18.1.1] AndroidManifest.xml:31:13-122
95            android:exported="false"
95-->[com.google.android.gms:play-services-ads-lite:18.1.1] AndroidManifest.xml:32:13-37
96            android:theme="@android:style/Theme.Translucent" />
96-->[com.google.android.gms:play-services-ads-lite:18.1.1] AndroidManifest.xml:33:13-61
97
98        <provider
98-->[com.google.android.gms:play-services-ads-lite:18.1.1] AndroidManifest.xml:35:9-39:39
99            android:name="com.google.android.gms.ads.MobileAdsInitProvider"
99-->[com.google.android.gms:play-services-ads-lite:18.1.1] AndroidManifest.xml:36:13-76
100            android:authorities="com.example.flutter_app_finaltest.mobileadsinitprovider"
100-->[com.google.android.gms:play-services-ads-lite:18.1.1] AndroidManifest.xml:37:13-73
101            android:exported="false"
101-->[com.google.android.gms:play-services-ads-lite:18.1.1] AndroidManifest.xml:38:13-37
102            android:initOrder="100" />
102-->[com.google.android.gms:play-services-ads-lite:18.1.1] AndroidManifest.xml:39:13-36
103
104        <receiver
104-->[com.google.android.gms:play-services-measurement:17.0.0] AndroidManifest.xml:29:9-33:20
105            android:name="com.google.android.gms.measurement.AppMeasurementReceiver"
105-->[com.google.android.gms:play-services-measurement:17.0.0] AndroidManifest.xml:30:13-85
106            android:enabled="true"
106-->[com.google.android.gms:play-services-measurement:17.0.0] AndroidManifest.xml:31:13-35
107            android:exported="false" >
107-->[com.google.android.gms:play-services-measurement:17.0.0] AndroidManifest.xml:32:13-37
108        </receiver>
109        <receiver
109-->[com.google.android.gms:play-services-measurement:17.0.0] AndroidManifest.xml:34:9-42:20
110            android:name="com.google.android.gms.measurement.AppMeasurementInstallReferrerReceiver"
110-->[com.google.android.gms:play-services-measurement:17.0.0] AndroidManifest.xml:35:13-100
111            android:enabled="true"
111-->[com.google.android.gms:play-services-measurement:17.0.0] AndroidManifest.xml:36:13-35
112            android:exported="true"
112-->[com.google.android.gms:play-services-measurement:17.0.0] AndroidManifest.xml:37:13-36
113            android:permission="android.permission.INSTALL_PACKAGES" >
113-->[com.google.android.gms:play-services-measurement:17.0.0] AndroidManifest.xml:38:13-69
114            <intent-filter>
114-->[com.google.android.gms:play-services-measurement:17.0.0] AndroidManifest.xml:39:13-41:29
115                <action android:name="com.android.vending.INSTALL_REFERRER" />
115-->[com.google.android.gms:play-services-measurement:17.0.0] AndroidManifest.xml:40:17-79
115-->[com.google.android.gms:play-services-measurement:17.0.0] AndroidManifest.xml:40:25-76
116            </intent-filter>
117        </receiver>
118
119        <service
119-->[com.google.android.gms:play-services-measurement:17.0.0] AndroidManifest.xml:44:9-47:40
120            android:name="com.google.android.gms.measurement.AppMeasurementService"
120-->[com.google.android.gms:play-services-measurement:17.0.0] AndroidManifest.xml:45:13-84
121            android:enabled="true"
121-->[com.google.android.gms:play-services-measurement:17.0.0] AndroidManifest.xml:46:13-35
122            android:exported="false" />
122-->[com.google.android.gms:play-services-measurement:17.0.0] AndroidManifest.xml:47:13-37
123        <service
123-->[com.google.android.gms:play-services-measurement:17.0.0] AndroidManifest.xml:48:9-52:72
124            android:name="com.google.android.gms.measurement.AppMeasurementJobService"
124-->[com.google.android.gms:play-services-measurement:17.0.0] AndroidManifest.xml:49:13-87
125            android:enabled="true"
125-->[com.google.android.gms:play-services-measurement:17.0.0] AndroidManifest.xml:50:13-35
126            android:exported="false"
126-->[com.google.android.gms:play-services-measurement:17.0.0] AndroidManifest.xml:51:13-37
127            android:permission="android.permission.BIND_JOB_SERVICE" />
127-->[com.google.android.gms:play-services-measurement:17.0.0] AndroidManifest.xml:52:13-69
128
129        <receiver
129-->[com.google.firebase:firebase-iid:19.0.0] AndroidManifest.xml:37:9-44:20
130            android:name="com.google.firebase.iid.FirebaseInstanceIdReceiver"
130-->[com.google.firebase:firebase-iid:19.0.0] AndroidManifest.xml:38:13-78
131            android:exported="true"
131-->[com.google.firebase:firebase-iid:19.0.0] AndroidManifest.xml:39:13-36
132            android:permission="com.google.android.c2dm.permission.SEND" >
132-->[com.google.firebase:firebase-iid:19.0.0] AndroidManifest.xml:40:13-73
133            <intent-filter>
133-->[com.google.firebase:firebase-iid:19.0.0] AndroidManifest.xml:41:13-43:29
134                <action android:name="com.google.android.c2dm.intent.RECEIVE" />
134-->[com.google.firebase:firebase-iid:19.0.0] AndroidManifest.xml:42:17-81
134-->[com.google.firebase:firebase-iid:19.0.0] AndroidManifest.xml:42:25-78
135            </intent-filter>
136        </receiver>
137
138        <provider
138-->[com.google.firebase:firebase-common:18.0.0] AndroidManifest.xml:12:9-16:39
139            android:name="com.google.firebase.provider.FirebaseInitProvider"
139-->[com.google.firebase:firebase-common:18.0.0] AndroidManifest.xml:13:13-77
140            android:authorities="com.example.flutter_app_finaltest.firebaseinitprovider"
140-->[com.google.firebase:firebase-common:18.0.0] AndroidManifest.xml:14:13-72
141            android:exported="false"
141-->[com.google.firebase:firebase-common:18.0.0] AndroidManifest.xml:15:13-37
142            android:initOrder="100" />
142-->[com.google.firebase:firebase-common:18.0.0] AndroidManifest.xml:16:13-36
143
144        <activity
144-->[com.google.android.gms:play-services-base:17.0.0] AndroidManifest.xml:23:9-26:75
145            android:name="com.google.android.gms.common.api.GoogleApiActivity"
145-->[com.google.android.gms:play-services-base:17.0.0] AndroidManifest.xml:24:13-79
146            android:exported="false"
146-->[com.google.android.gms:play-services-base:17.0.0] AndroidManifest.xml:25:13-37
147            android:theme="@android:style/Theme.Translucent.NoTitleBar" />
147-->[com.google.android.gms:play-services-base:17.0.0] AndroidManifest.xml:26:13-72
148
149        <meta-data
149-->[com.google.android.gms:play-services-basement:17.0.0] AndroidManifest.xml:23:9-25:69
150            android:name="com.google.android.gms.version"
150-->[com.google.android.gms:play-services-basement:17.0.0] AndroidManifest.xml:24:13-58
151            android:value="@integer/google_play_services_version" />
151-->[com.google.android.gms:play-services-basement:17.0.0] AndroidManifest.xml:25:13-66
152    </application>
153
154</manifest>